  Source.cpp
C:\Users\zuzan\Downloads\OpenGLproject\OpenGLSample\OpenGLSample\shader.h(57,34): warning C4101: 'e': unreferenced local variable
C:\Users\zuzan\Downloads\OpenGLproject\OpenGLSample\OpenGLSample\common\staticMesh3D.h(1,1): warning C4005: '_CRT_SECURE_NO_WARNINGS': macro redefinition
C:\Users\zuzan\Downloads\OpenGLproject\OpenGLSample\OpenGLSample\Source.cpp : message : see previous definition of '_CRT_SECURE_NO_WARNINGS'
C:\Users\zuzan\Downloads\OpenGLproject\OpenGLSample\OpenGLSample\Source.cpp(396,22): warning C4244: 'initializing': conversion from 'double' to 'float', possible loss of data
C:\Users\zuzan\Downloads\OpenGLproject\OpenGLSample\OpenGLSample\Source.cpp(422,132): warning C4244: 'argument': conversion from 'double' to 'float', possible loss of data
C:\Users\zuzan\Downloads\OpenGLproject\OpenGLSample\OpenGLSample\Source.cpp(422,103): warning C4244: 'argument': conversion from 'double' to 'float', possible loss of data
C:\Users\zuzan\Downloads\OpenGLproject\OpenGLSample\OpenGLSample\Source.cpp(422,74): warning C4244: 'argument': conversion from 'double' to 'float', possible loss of data
C:\Users\zuzan\Downloads\OpenGLproject\OpenGLSample\OpenGLSample\Source.cpp(423,132): warning C4244: 'argument': conversion from 'double' to 'float', possible loss of data
C:\Users\zuzan\Downloads\OpenGLproject\OpenGLSample\OpenGLSample\Source.cpp(423,103): warning C4244: 'argument': conversion from 'double' to 'float', possible loss of data
C:\Users\zuzan\Downloads\OpenGLproject\OpenGLSample\OpenGLSample\Source.cpp(423,74): warning C4244: 'argument': conversion from 'double' to 'float', possible loss of data
C:\Users\zuzan\Downloads\OpenGLproject\OpenGLSample\OpenGLSample\Source.cpp(424,133): warning C4244: 'argument': conversion from 'double' to 'float', possible loss of data
C:\Users\zuzan\Downloads\OpenGLproject\OpenGLSample\OpenGLSample\Source.cpp(424,104): warning C4244: 'argument': conversion from 'double' to 'float', possible loss of data
C:\Users\zuzan\Downloads\OpenGLproject\OpenGLSample\OpenGLSample\Source.cpp(424,75): warning C4244: 'argument': conversion from 'double' to 'float', possible loss of data
C:\Users\zuzan\Downloads\OpenGLproject\OpenGLSample\OpenGLSample\Source.cpp(426,56): warning C4305: 'argument': truncation from 'double' to 'float'
C:\Users\zuzan\Downloads\OpenGLproject\OpenGLSample\OpenGLSample\Source.cpp(427,60): warning C4305: 'argument': truncation from 'double' to 'float'
C:\Users\zuzan\Downloads\OpenGLproject\OpenGLSample\OpenGLSample\Source.cpp(430,132): warning C4244: 'argument': conversion from 'double' to 'float', possible loss of data
C:\Users\zuzan\Downloads\OpenGLproject\OpenGLSample\OpenGLSample\Source.cpp(430,103): warning C4244: 'argument': conversion from 'double' to 'float', possible loss of data
C:\Users\zuzan\Downloads\OpenGLproject\OpenGLSample\OpenGLSample\Source.cpp(430,74): warning C4244: 'argument': conversion from 'double' to 'float', possible loss of data
C:\Users\zuzan\Downloads\OpenGLproject\OpenGLSample\OpenGLSample\Source.cpp(431,132): warning C4244: 'argument': conversion from 'double' to 'float', possible loss of data
C:\Users\zuzan\Downloads\OpenGLproject\OpenGLSample\OpenGLSample\Source.cpp(431,103): warning C4244: 'argument': conversion from 'double' to 'float', possible loss of data
C:\Users\zuzan\Downloads\OpenGLproject\OpenGLSample\OpenGLSample\Source.cpp(431,74): warning C4244: 'argument': conversion from 'double' to 'float', possible loss of data
C:\Users\zuzan\Downloads\OpenGLproject\OpenGLSample\OpenGLSample\Source.cpp(432,133): warning C4244: 'argument': conversion from 'double' to 'float', possible loss of data
C:\Users\zuzan\Downloads\OpenGLproject\OpenGLSample\OpenGLSample\Source.cpp(432,104): warning C4244: 'argument': conversion from 'double' to 'float', possible loss of data
C:\Users\zuzan\Downloads\OpenGLproject\OpenGLSample\OpenGLSample\Source.cpp(432,75): warning C4244: 'argument': conversion from 'double' to 'float', possible loss of data
C:\Users\zuzan\Downloads\OpenGLproject\OpenGLSample\OpenGLSample\Source.cpp(434,56): warning C4305: 'argument': truncation from 'double' to 'float'
C:\Users\zuzan\Downloads\OpenGLproject\OpenGLSample\OpenGLSample\Source.cpp(435,60): warning C4305: 'argument': truncation from 'double' to 'float'
C:\Users\zuzan\Downloads\OpenGLproject\OpenGLSample\OpenGLSample\Source.cpp(442,56): warning C4305: 'argument': truncation from 'double' to 'float'
C:\Users\zuzan\Downloads\OpenGLproject\OpenGLSample\OpenGLSample\Source.cpp(443,60): warning C4305: 'argument': truncation from 'double' to 'float'
C:\Users\zuzan\Downloads\OpenGLproject\OpenGLSample\OpenGLSample\Source.cpp(450,56): warning C4305: 'argument': truncation from 'double' to 'float'
C:\Users\zuzan\Downloads\OpenGLproject\OpenGLSample\OpenGLSample\Source.cpp(451,60): warning C4305: 'argument': truncation from 'double' to 'float'
C:\Users\zuzan\Downloads\OpenGLproject\OpenGLSample\OpenGLSample\Source.cpp(455,127): warning C4244: 'argument': conversion from 'double' to 'float', possible loss of data
C:\Users\zuzan\Downloads\OpenGLproject\OpenGLSample\OpenGLSample\Source.cpp(455,98): warning C4244: 'argument': conversion from 'double' to 'float', possible loss of data
C:\Users\zuzan\Downloads\OpenGLproject\OpenGLSample\OpenGLSample\Source.cpp(455,69): warning C4244: 'argument': conversion from 'double' to 'float', possible loss of data
C:\Users\zuzan\Downloads\OpenGLproject\OpenGLSample\OpenGLSample\Source.cpp(456,127): warning C4244: 'argument': conversion from 'double' to 'float', possible loss of data
C:\Users\zuzan\Downloads\OpenGLproject\OpenGLSample\OpenGLSample\Source.cpp(456,98): warning C4244: 'argument': conversion from 'double' to 'float', possible loss of data
C:\Users\zuzan\Downloads\OpenGLproject\OpenGLSample\OpenGLSample\Source.cpp(456,69): warning C4244: 'argument': conversion from 'double' to 'float', possible loss of data
C:\Users\zuzan\Downloads\OpenGLproject\OpenGLSample\OpenGLSample\Source.cpp(457,128): warning C4244: 'argument': conversion from 'double' to 'float', possible loss of data
C:\Users\zuzan\Downloads\OpenGLproject\OpenGLSample\OpenGLSample\Source.cpp(457,99): warning C4244: 'argument': conversion from 'double' to 'float', possible loss of data
C:\Users\zuzan\Downloads\OpenGLproject\OpenGLSample\OpenGLSample\Source.cpp(457,70): warning C4244: 'argument': conversion from 'double' to 'float', possible loss of data
C:\Users\zuzan\Downloads\OpenGLproject\OpenGLSample\OpenGLSample\Source.cpp(459,51): warning C4305: 'argument': truncation from 'double' to 'float'
C:\Users\zuzan\Downloads\OpenGLproject\OpenGLSample\OpenGLSample\Source.cpp(460,55): warning C4305: 'argument': truncation from 'double' to 'float'
C:\Users\zuzan\Downloads\OpenGLproject\OpenGLSample\OpenGLSample\Source.cpp(526,62): warning C4305: 'argument': truncation from 'double' to 'float'
C:\Users\zuzan\Downloads\OpenGLproject\OpenGLSample\OpenGLSample\Source.cpp(537,64): warning C4305: 'argument': truncation from 'double' to 'float'
C:\Users\zuzan\Downloads\OpenGLproject\OpenGLSample\OpenGLSample\Source.cpp(605,11): warning C4244: '=': conversion from 'double' to 'float', possible loss of data
C:\Users\zuzan\Downloads\OpenGLproject\OpenGLSample\OpenGLSample\Source.cpp(606,11): warning C4244: '=': conversion from 'double' to 'float', possible loss of data
C:\Users\zuzan\Downloads\OpenGLproject\OpenGLSample\OpenGLSample\Source.cpp(610,16): warning C4244: 'initializing': conversion from 'double' to 'float', possible loss of data
C:\Users\zuzan\Downloads\OpenGLproject\OpenGLSample\OpenGLSample\Source.cpp(611,16): warning C4244: 'initializing': conversion from 'double' to 'float', possible loss of data
C:\Users\zuzan\Downloads\OpenGLproject\OpenGLSample\OpenGLSample\Source.cpp(613,10): warning C4244: '=': conversion from 'double' to 'float', possible loss of data
C:\Users\zuzan\Downloads\OpenGLproject\OpenGLSample\OpenGLSample\Source.cpp(614,10): warning C4244: '=': conversion from 'double' to 'float', possible loss of data
C:\Users\zuzan\Downloads\OpenGLproject\OpenGLSample\OpenGLSample\Source.cpp(627,28): warning C4244: 'argument': conversion from 'double' to 'float', possible loss of data
  OpenGLSample.vcxproj -> C:\Users\zuzan\Downloads\OpenGLproject\OpenGLSample\Debug\OpenGLSample.exe
